User pere no te un grup existent a la BBDD. Crei el grup i despres afegeix lusuari 
 User mysql no te un grup existent a la BBDD. Crei el grup i despres afegeix lusuari 
 User dhcpd no te un grup existent a la BBDD. Crei el grup i despres afegeix lusuari 
 User squid no te un grup existent a la BBDD. Crei el grup i despres afegeix lusuari 
 User webalizer no te un grup existent a la BBDD. Crei el grup i despres afegeix lusuari 
 User marta no te un grup existent a la BBDD. Crei el grup i despres afegeix lusuari 
 Linia dusuari incorrecta, revisi la linia 8 
User mongod no te un grup existent a la BBDD. Crei el grup i despres afegeix lusuari 
 User mailnull no te un grup existent a la BBDD. Crei el grup i despres afegeix lusuari 
 User root no te un grup existent a la BBDD. Crei el grup i despres afegeix lusuari 
 User daemon no te un grup existent a la BBDD. Crei el grup i despres afegeix lusuari 
 User bin no te un grup existent a la BBDD. Crei el grup i despres afegeix lusuari 
 User sys no te un grup existent a la BBDD. Crei el grup i despres afegeix lusuari 
 User sync no te un grup existent a la BBDD. Crei el grup i despres afegeix lusuari 
 User games no te un grup existent a la BBDD. Crei el grup i despres afegeix lusuari 
 User man no te un grup existent a la BBDD. Crei el grup i despres afegeix lusuari 
 User lp no te un grup existent a la BBDD. Crei el grup i despres afegeix lusuari 
 User mail no te un grup existent a la BBDD. Crei el grup i despres afegeix lusuari 
 User news no te un grup existent a la BBDD. Crei el grup i despres afegeix lusuari 
 User proxy no te un grup existent a la BBDD. Crei el grup i despres afegeix lusuari 
 User www-data no te un grup existent a la BBDD. Crei el grup i despres afegeix lusuari 
 User backup no te un grup existent a la BBDD. Crei el grup i despres afegeix lusuari 
 User list no te un grup existent a la BBDD. Crei el grup i despres afegeix lusuari 
 User irc no te un grup existent a la BBDD. Crei el grup i despres afegeix lusuari 
 User gnats no te un grup existent a la BBDD. Crei el grup i despres afegeix lusuari 
 User nobody no te un grup existent a la BBDD. Crei el grup i despres afegeix lusuari 
 User systemd-timesync no te un grup existent a la BBDD. Crei el grup i despres afegeix lusuari 
 User systemd-network no te un grup existent a la BBDD. Crei el grup i despres afegeix lusuari 
 User systemd-resolve no te un grup existent a la BBDD. Crei el grup i despres afegeix lusuari 
 User _apt no te un grup existent a la BBDD. Crei el grup i despres afegeix lusuari 
 User mysql no te un grup existent a la BBDD. Crei el grup i despres afegeix lusuari 
 User epmd no te un grup existent a la BBDD. Crei el grup i despres afegeix lusuari 
 User Debian-exim no te un grup existent a la BBDD. Crei el grup i despres afegeix lusuari 
 User uuidd no te un grup existent a la BBDD. Crei el grup i despres afegeix lusuari 
 User rwhod no te un grup existent a la BBDD. Crei el grup i despres afegeix lusuari 
 User redsocks no te un grup existent a la BBDD. Crei el grup i despres afegeix lusuari 
 User usbmux no te un grup existent a la BBDD. Crei el grup i despres afegeix lusuari 
 User miredo no te un grup existent a la BBDD. Crei el grup i despres afegeix lusuari 
 User ntp no te un grup existent a la BBDD. Crei el grup i despres afegeix lusuari 
 User stunnel4 no te un grup existent a la BBDD. Crei el grup i despres afegeix lusuari 
 User rtkit no te un grup existent a la BBDD. Crei el grup i despres afegeix lusuari 
 User postgres no te un grup existent a la BBDD. Crei el grup i despres afegeix lusuari 
 User dnsmasq no te un grup existent a la BBDD. Crei el grup i despres afegeix lusuari 
 User messagebus no te un grup existent a la BBDD. Crei el grup i despres afegeix lusuari 
 User iodine no te un grup existent a la BBDD. Crei el grup i despres afegeix lusuari 
 User arpwatch no te un grup existent a la BBDD. Crei el grup i despres afegeix lusuari 
 User sslh no te un grup existent a la BBDD. Crei el grup i despres afegeix lusuari 
 User gluster no te un grup existent a la BBDD. Crei el grup i despres afegeix lusuari 
 User couchdb no te un grup existent a la BBDD. Crei el grup i despres afegeix lusuari 
 User avahi no te un grup existent a la BBDD. Crei el grup i despres afegeix lusuari 
 User sshd no te un grup existent a la BBDD. Crei el grup i despres afegeix lusuari 
 User colord no te un grup existent a la BBDD. Crei el grup i despres afegeix lusuari 
 User saned no te un grup existent a la BBDD. Crei el grup i despres afegeix lusuari 
 User speech-dispatcher no te un grup existent a la BBDD. Crei el grup i despres afegeix lusuari 
 User pulse no te un grup existent a la BBDD. Crei el grup i despres afegeix lusuari 
 User Debian-gdm no te un grup existent a la BBDD. Crei el grup i despres afegeix lusuari 
 User king-phisher no te un grup existent a la BBDD. Crei el grup i despres afegeix lusuari 
 User dradis no te un grup existent a la BBDD. Crei el grup i despres afegeix lusuari 
 User beef-xss no te un grup existent a la BBDD. Crei el grup i despres afegeix lusuari 
 User inetsim no te un grup existent a la BBDD. Crei el grup i despres afegeix lusuari 
 User geoclue no te un grup existent a la BBDD. Crei el grup i despres afegeix lusuari 
 User tss no te un grup existent a la BBDD. Crei el grup i despres afegeix lusuari 
 User Debian-snmp no te un grup existent a la BBDD. Crei el grup i despres afegeix lusuari 
 User systemd-coredump no te un grup existent a la BBDD. Crei el grup i despres afegeix lusuari 
 